[2026-06-07T17:53:39.219+0000] {manager.py:470} INFO - Processing files using up to 1 processes at a time 
[2026-06-07T17:53:39.220+0000] {manager.py:471} INFO - Process each file at most once every 30 seconds
[2026-06-07T17:53:39.220+0000] {manager.py:472} INFO - Checking for new files in /opt/airflow/dags every 300 seconds
[2026-06-07T17:53:39.220+0000] {manager.py:737} INFO - Searching for files in /opt/airflow/dags
[2026-06-07T17:53:39.223+0000] {manager.py:740} INFO - There are 1 files in /opt/airflow/dags
[2026-06-07T17:53:39.365+0000] {manager.py:878} INFO - 
================================================================================
DAG File Processing Stats

File Path                            PID    Runtime      # DAGs    # Errors  Last Runtime    Last Run
-----------------------------------  -----  ---------  --------  ----------  --------------  -------------------
/opt/airflow/dags/monitoring_dag.py                           1           0  0.10s           2026-06-07T17:53:39
================================================================================
[2026-06-07T17:54:09.691+0000] {manager.py:878} INFO - 
================================================================================
DAG File Processing Stats

File Path                            PID    Runtime      # DAGs    # Errors  Last Runtime    Last Run
-----------------------------------  -----  ---------  --------  ----------  --------------  -------------------
/opt/airflow/dags/monitoring_dag.py                           1           0  0.22s           2026-06-07T17:54:09
================================================================================
[2026-06-07T17:54:40.388+0000] {manager.py:878} INFO - 
================================================================================
DAG File Processing Stats

File Path                            PID    Runtime      # DAGs    # Errors  Last Runtime    Last Run
-----------------------------------  -----  ---------  --------  ----------  --------------  -------------------
/opt/airflow/dags/monitoring_dag.py                           1           0  0.22s           2026-06-07T17:54:40
================================================================================
[2026-06-07T17:55:10.807+0000] {manager.py:878} INFO - 
================================================================================
DAG File Processing Stats

File Path                            PID    Runtime      # DAGs    # Errors  Last Runtime    Last Run
-----------------------------------  -----  ---------  --------  ----------  --------------  -------------------
/opt/airflow/dags/monitoring_dag.py                           1           0  0.21s           2026-06-07T17:55:10
================================================================================
[2026-06-07T17:55:41.467+0000] {manager.py:878} INFO - 
================================================================================
DAG File Processing Stats

File Path                            PID    Runtime      # DAGs    # Errors  Last Runtime    Last Run
-----------------------------------  -----  ---------  --------  ----------  --------------  -------------------
/opt/airflow/dags/monitoring_dag.py                           1           0  0.22s           2026-06-07T17:55:41
================================================================================
[2026-06-07T17:56:12.706+0000] {manager.py:878} INFO - 
================================================================================
DAG File Processing Stats

File Path                            PID    Runtime      # DAGs    # Errors  Last Runtime    Last Run
-----------------------------------  -----  ---------  --------  ----------  --------------  -------------------
/opt/airflow/dags/monitoring_dag.py                           1           0  0.23s           2026-06-07T17:56:12
================================================================================
[2026-06-07T17:56:43.077+0000] {manager.py:878} INFO - 
================================================================================
DAG File Processing Stats

File Path                            PID    Runtime      # DAGs    # Errors  Last Runtime    Last Run
-----------------------------------  -----  ---------  --------  ----------  --------------  -------------------
/opt/airflow/dags/monitoring_dag.py                           1           0  0.22s           2026-06-07T17:56:43
================================================================================
[2026-06-07T17:57:13.415+0000] {manager.py:878} INFO - 
================================================================================
DAG File Processing Stats

File Path                            PID    Runtime      # DAGs    # Errors  Last Runtime    Last Run
-----------------------------------  -----  ---------  --------  ----------  --------------  -------------------
/opt/airflow/dags/monitoring_dag.py                           1           0  0.22s           2026-06-07T17:57:13
================================================================================
[2026-06-07T17:57:43.794+0000] {manager.py:878} INFO - 
================================================================================
DAG File Processing Stats

File Path                            PID    Runtime      # DAGs    # Errors  Last Runtime    Last Run
-----------------------------------  -----  ---------  --------  ----------  --------------  -------------------
/opt/airflow/dags/monitoring_dag.py                           1           0  0.23s           2026-06-07T17:57:43
================================================================================
[2026-06-07T17:58:14.096+0000] {manager.py:878} INFO - 
================================================================================
DAG File Processing Stats

File Path                            PID    Runtime      # DAGs    # Errors  Last Runtime    Last Run
-----------------------------------  -----  ---------  --------  ----------  --------------  -------------------
/opt/airflow/dags/monitoring_dag.py                           1           0  0.13s           2026-06-07T17:58:14
================================================================================
[2026-06-07T17:58:39.516+0000] {manager.py:737} INFO - Searching for files in /opt/airflow/dags
[2026-06-07T17:58:39.529+0000] {manager.py:740} INFO - There are 1 files in /opt/airflow/dags
[2026-06-07T17:58:44.440+0000] {manager.py:878} INFO - 
================================================================================
DAG File Processing Stats

File Path                            PID    Runtime      # DAGs    # Errors  Last Runtime    Last Run
-----------------------------------  -----  ---------  --------  ----------  --------------  -------------------
/opt/airflow/dags/monitoring_dag.py                           1           0  0.12s           2026-06-07T17:58:44
================================================================================
[2026-06-07T17:59:14.872+0000] {manager.py:878} INFO - 
================================================================================
DAG File Processing Stats

File Path                            PID    Runtime      # DAGs    # Errors  Last Runtime    Last Run
-----------------------------------  -----  ---------  --------  ----------  --------------  -------------------
/opt/airflow/dags/monitoring_dag.py                           1           0  0.12s           2026-06-07T17:59:14
================================================================================
[2026-06-07T17:59:45.402+0000] {manager.py:878} INFO - 
================================================================================
DAG File Processing Stats

File Path                            PID    Runtime      # DAGs    # Errors  Last Runtime    Last Run
-----------------------------------  -----  ---------  --------  ----------  --------------  -------------------
/opt/airflow/dags/monitoring_dag.py                           1           0  0.23s           2026-06-07T17:59:45
================================================================================
[2026-06-07T18:00:15.766+0000] {manager.py:878} INFO - 
================================================================================
DAG File Processing Stats

File Path                            PID    Runtime      # DAGs    # Errors  Last Runtime    Last Run
-----------------------------------  -----  ---------  --------  ----------  --------------  -------------------
/opt/airflow/dags/monitoring_dag.py                           1           0  0.23s           2026-06-07T18:00:15
================================================================================
[2026-06-07T18:00:46.197+0000] {manager.py:878} INFO - 
================================================================================
DAG File Processing Stats

File Path                            PID    Runtime      # DAGs    # Errors  Last Runtime    Last Run
-----------------------------------  -----  ---------  --------  ----------  --------------  -------------------
/opt/airflow/dags/monitoring_dag.py                           1           0  0.23s           2026-06-07T18:00:46
================================================================================
[2026-06-07T18:01:16.473+0000] {manager.py:878} INFO - 
================================================================================
DAG File Processing Stats

File Path                            PID    Runtime      # DAGs    # Errors  Last Runtime    Last Run
-----------------------------------  -----  ---------  --------  ----------  --------------  -------------------
/opt/airflow/dags/monitoring_dag.py                           1           0  0.22s           2026-06-07T18:01:16
================================================================================
[2026-06-07T18:01:47.148+0000] {manager.py:878} INFO - 
================================================================================
DAG File Processing Stats

File Path                            PID    Runtime      # DAGs    # Errors  Last Runtime    Last Run
-----------------------------------  -----  ---------  --------  ----------  --------------  -------------------
/opt/airflow/dags/monitoring_dag.py                           1           0  0.23s           2026-06-07T18:01:47
================================================================================
[2026-06-07T18:02:17.378+0000] {manager.py:878} INFO - 
================================================================================
DAG File Processing Stats

File Path                            PID    Runtime      # DAGs    # Errors  Last Runtime    Last Run
-----------------------------------  -----  ---------  --------  ----------  --------------  -------------------
/opt/airflow/dags/monitoring_dag.py                           1           0  0.22s           2026-06-07T18:02:17
================================================================================
[2026-06-07T18:02:47.762+0000] {manager.py:878} INFO - 
================================================================================
DAG File Processing Stats

File Path                            PID    Runtime      # DAGs    # Errors  Last Runtime    Last Run
-----------------------------------  -----  ---------  --------  ----------  --------------  -------------------
/opt/airflow/dags/monitoring_dag.py                           1           0  0.24s           2026-06-07T18:02:47
================================================================================
[2026-06-07T18:03:18.403+0000] {manager.py:878} INFO - 
================================================================================
DAG File Processing Stats

File Path                            PID    Runtime      # DAGs    # Errors  Last Runtime    Last Run
-----------------------------------  -----  ---------  --------  ----------  --------------  -------------------
/opt/airflow/dags/monitoring_dag.py                           1           0  0.23s           2026-06-07T18:03:18
================================================================================
[2026-06-07T18:03:39.777+0000] {manager.py:737} INFO - Searching for files in /opt/airflow/dags
[2026-06-07T18:03:39.794+0000] {manager.py:740} INFO - There are 1 files in /opt/airflow/dags
[2026-06-07T18:03:48.963+0000] {manager.py:878} INFO - 
================================================================================
DAG File Processing Stats

File Path                            PID    Runtime      # DAGs    # Errors  Last Runtime    Last Run
-----------------------------------  -----  ---------  --------  ----------  --------------  -------------------
/opt/airflow/dags/monitoring_dag.py                           1           0  0.23s           2026-06-07T18:03:48
================================================================================
[2026-06-07T18:04:19.544+0000] {manager.py:878} INFO - 
================================================================================
DAG File Processing Stats

File Path                            PID    Runtime      # DAGs    # Errors  Last Runtime    Last Run
-----------------------------------  -----  ---------  --------  ----------  --------------  -------------------
/opt/airflow/dags/monitoring_dag.py                           1           0  0.22s           2026-06-07T18:04:19
================================================================================
[2026-06-07T18:04:37.916+0000] {manager.py:452} INFO - Exiting gracefully upon receiving signal 15
