[2026-06-07T17:55:52.891+0000] {local_task_job_runner.py:120} INFO - ::group::Pre task execution logs
[2026-06-07T17:55:52.902+0000] {taskinstance.py:2073} INFO - Dependencies all met for dep_context=non-requeueable deps ti=<TaskInstance: monitoring_and_retraining.check_drift scheduled__2026-06-06T00:00:00+00:00 [queued]>
[2026-06-07T17:55:52.948+0000] {taskinstance.py:2073} INFO - Dependencies all met for dep_context=requeueable deps ti=<TaskInstance: monitoring_and_retraining.check_drift scheduled__2026-06-06T00:00:00+00:00 [queued]>
[2026-06-07T17:55:52.948+0000] {taskinstance.py:2303} INFO - Starting attempt 1 of 2
[2026-06-07T17:55:52.954+0000] {taskinstance.py:2327} INFO - Executing <Task(PythonOperator): check_drift> on 2026-06-06 00:00:00+00:00
[2026-06-07T17:55:52.958+0000] {standard_task_runner.py:63} INFO - Started process 74 to run task
[2026-06-07T17:55:52.960+0000] {standard_task_runner.py:90} INFO - Running: ['airflow', 'tasks', 'run', 'monitoring_and_retraining', 'check_drift', 'scheduled__2026-06-06T00:00:00+00:00', '--job-id', '2', '--raw', '--subdir', 'DAGS_FOLDER/monitoring_dag.py', '--cfg-path', '/tmp/tmpo5bpfvbl']
[2026-06-07T17:55:52.962+0000] {standard_task_runner.py:91} INFO - Job 2: Subtask check_drift
[2026-06-07T17:55:52.995+0000] {task_command.py:426} INFO - Running <TaskInstance: monitoring_and_retraining.check_drift scheduled__2026-06-06T00:00:00+00:00 [running]> on host 35b4f6c25f9c
[2026-06-07T17:55:53.024+0000] {taskinstance.py:2644} INFO - Exporting env vars: AIRFLOW_CTX_DAG_OWNER='mlops' AIRFLOW_CTX_DAG_ID='monitoring_and_retraining' AIRFLOW_CTX_TASK_ID='check_drift' AIRFLOW_CTX_EXECUTION_DATE='2026-06-06T00:00:00+00:00' AIRFLOW_CTX_TRY_NUMBER='1' AIRFLOW_CTX_DAG_RUN_ID='scheduled__2026-06-06T00:00:00+00:00'
[2026-06-07T17:55:53.024+0000] {taskinstance.py:430} INFO - ::endgroup::
[2026-06-07T17:55:53.043+0000] {taskinstance.py:441} INFO - ::group::Post task execution logs
[2026-06-07T17:55:53.043+0000] {taskinstance.py:2890} ERROR - Task failed with exception
Traceback (most recent call last):
  File "/home/airflow/.local/lib/python3.12/site-packages/airflow/models/taskinstance.py", line 465, in _execute_task
    result = _execute_callable(context=context, **execute_callable_kwargs)
             ^^^^^^^^^^^^^^^^^^^^^^^^^^^^^^^^^^^^^^^^^^^^^^^^^^^^^^^^^^^^^
  File "/home/airflow/.local/lib/python3.12/site-packages/airflow/models/taskinstance.py", line 432, in _execute_callable
    return execute_callable(context=context, **execute_callable_kwargs)
           ^^^^^^^^^^^^^^^^^^^^^^^^^^^^^^^^^^^^^^^^^^^^^^^^^^^^^^^^^^^^
  File "/home/airflow/.local/lib/python3.12/site-packages/airflow/models/baseoperator.py", line 400, in wrapper
    return func(self, *args, **kwargs)
           ^^^^^^^^^^^^^^^^^^^^^^^^^^^
  File "/home/airflow/.local/lib/python3.12/site-packages/airflow/operators/python.py", line 235, in execute
    return_value = self.execute_callable()
                   ^^^^^^^^^^^^^^^^^^^^^^^
  File "/home/airflow/.local/lib/python3.12/site-packages/airflow/operators/python.py", line 252, in execute_callable
    return self.python_callable(*self.op_args, **self.op_kwargs)
           ^^^^^^^^^^^^^^^^^^^^^^^^^^^^^^^^^^^^^^^^^^^^^^^^^^^^^
  File "/opt/airflow/dags/monitoring_dag.py", line 25, in check_drift
    from src.monitoring.drift_detector import (
ModuleNotFoundError: No module named 'src'
[2026-06-07T17:55:53.046+0000] {taskinstance.py:1205} INFO - Marking task as UP_FOR_RETRY. dag_id=monitoring_and_retraining, task_id=check_drift, execution_date=20260606T000000, start_date=20260607T175552, end_date=20260607T175553
[2026-06-07T17:55:53.051+0000] {standard_task_runner.py:110} ERROR - Failed to execute job 2 for task check_drift (No module named 'src'; 74)
[2026-06-07T17:55:53.066+0000] {local_task_job_runner.py:240} INFO - Task exited with return code 1
[2026-06-07T17:55:53.075+0000] {taskinstance.py:3482} INFO - 0 downstream tasks scheduled from follow-on schedule check
[2026-06-07T17:55:53.075+0000] {local_task_job_runner.py:222} INFO - ::endgroup::
